#
# There is insufficient memory for the Java Runtime Environment to continue.
# Native memory allocation (malloc) failed to allocate 32744 bytes for ChunkPool::allocate
# Possible reasons:
#   The system is out of physical RAM or swap space
#   The process is running with CompressedOops enabled, and the Java Heap may be blocking the growth of the native heap
# Possible solutions:
#   Reduce memory load on the system
#   Increase physical memory or swap space
#   Check if swap backing store is full
#   Decrease Java heap size (-Xmx/-Xms)
#   Decrease number of Java threads
#   Decrease Java thread stack sizes (-Xss)
#   Set larger code cache with -XX:ReservedCodeCacheSize=
#   JVM is running with Unscaled Compressed Oops mode in which the Java heap is
#     placed in the first 4GB address space. The Java Heap base address is the
#     maximum limit for the native heap growth. Please use -XX:HeapBaseMinAddress
#     to set the Java Heap base and to place the Java Heap above 4GB virtual address.
# This output file may be truncated or incomplete.
#
#  Out of Memory Error (./src/hotspot/share/memory/arena.cpp:81), pid=13292, tid=29244
#
# JRE version: OpenJDK Runtime Environment (11.0.12+7) (build 11.0.12+7-b1504.28-7817840)
# Java VM: OpenJDK 64-Bit Server VM (11.0.12+7-b1504.28-7817840, mixed mode, tiered, compressed oops, g1 gc, windows-amd64)
# No core dump will be written. Minidumps are not enabled by default on client versions of Windows
#

---------------  S U M M A R Y ------------

Command Line: -Dorg.gradle.appname=gradlew org.gradle.wrapper.GradleWrapperMain -q -Ptarget-platform=android-arm,android-arm64,android-x64 -Ptarget=lib\main.dart -Pbase-application-name=android.app.Application -Pdart-obfuscation=false -Ptrack-widget-creation=true -Ptree-shake-icons=true assembleRelease

Host: AMD Ryzen 5 3550H with Radeon Vega Mobile Gfx  , 8 cores, 5G,  Windows 10 , 64 bit Build 22621 (10.0.22621.3374)
Time: Sun May 26 17:05:13 2024 India Standard Time elapsed time: 144.173818 seconds (0d 0h 2m 24s)

---------------  T H R E A D  ---------------

Current thread (0x0000014d2f73b800):  JavaThread "C2 CompilerThread0" daemon [_thread_in_native, id=29244, stack(0x0000003102200000,0x0000003102300000)]


Current CompileTask:
C2: 144174 1432       4       org.gradle.internal.logging.text.AbstractLineChoppingStyledTextOutput$1::execute (9 bytes)

Stack: [0x0000003102200000,0x0000003102300000]
Native frames: (J=compiled Java code, j=interpreted, Vv=VM code, C=native code)
V  [jvm.dll+0x5fbcea]
V  [jvm.dll+0x731905]
V  [jvm.dll+0x732f1d]
V  [jvm.dll+0x7335d3]
V  [jvm.dll+0x247bf8]
V  [jvm.dll+0xc041b]
V  [jvm.dll+0xc06cc]
V  [jvm.dll+0xc02cc]
V  [jvm.dll+0x6282e0]
V  [jvm.dll+0x62c41e]
V  [jvm.dll+0x19d188]
V  [jvm.dll+0x20070e]
V  [jvm.dll+0x1ff794]
V  [jvm.dll+0x18868c]
V  [jvm.dll+0x20e0d7]
V  [jvm.dll+0x20c901]
V  [jvm.dll+0x6f9b7f]
V  [jvm.dll+0x6f26a5]
V  [jvm.dll+0x5fabf6]
C  [ucrtbase.dll+0x29333]
C  [KERNEL32.DLL+0x1257d]
C  [ntdll.dll+0x5aa48]


---------------  P R O C E S S  ---------------

Threads class SMR info:
_java_thread_list=0x0000014d31226e50, length=11, elements={
0x0000014d16694000, 0x0000014d2f719000, 0x0000014d2f724000, 0x0000014d2f736000,
0x0000014d2f737800, 0x0000014d2f738800, 0x0000014d2f73b800, 0x0000014d2f74a000,
0x0000014d2f74b000, 0x0000014d3020b000, 0x0000014d310f1000
}

Java Threads: ( => current thread )
  0x0000014d16694000 JavaThread "main" [_thread_in_native, id=8416, stack(0x0000003101600000,0x0000003101700000)]
  0x0000014d2f719000 JavaThread "Reference Handler" daemon [_thread_blocked, id=16092, stack(0x0000003101d00000,0x0000003101e00000)]
  0x0000014d2f724000 JavaThread "Finalizer" daemon [_thread_blocked, id=14668, stack(0x0000003101e00000,0x0000003101f00000)]
  0x0000014d2f736000 JavaThread "Signal Dispatcher" daemon [_thread_blocked, id=4468, stack(0x0000003101f00000,0x0000003102000000)]
  0x0000014d2f737800 JavaThread "Attach Listener" daemon [_thread_blocked, id=25132, stack(0x0000003102000000,0x0000003102100000)]
  0x0000014d2f738800 JavaThread "Service Thread" daemon [_thread_blocked, id=14168, stack(0x0000003102100000,0x0000003102200000)]
=>0x0000014d2f73b800 JavaThread "C2 CompilerThread0" daemon [_thread_in_native, id=29244, stack(0x0000003102200000,0x0000003102300000)]
  0x0000014d2f74a000 JavaThread "C1 CompilerThread0" daemon [_thread_blocked, id=26292, stack(0x0000003102300000,0x0000003102400000)]
  0x0000014d2f74b000 JavaThread "Sweeper thread" daemon [_thread_blocked, id=29352, stack(0x0000003102400000,0x0000003102500000)]
  0x0000014d3020b000 JavaThread "Common-Cleaner" daemon [_thread_blocked, id=25100, stack(0x0000003102600000,0x0000003102700000)]
  0x0000014d310f1000 JavaThread "pool-1-thread-1" [_thread_blocked, id=22756, stack(0x0000003102800000,0x0000003102900000)]

Other Threads:
  0x0000014d2f6f6000 VMThread "VM Thread" [stack: 0x0000003101c00000,0x0000003101d00000] [id=28064]
  0x0000014d30200800 WatcherThread [stack: 0x0000003102500000,0x0000003102600000] [id=25552]
  0x0000014d166ab800 GCTaskThread "GC Thread#0" [stack: 0x0000003101700000,0x0000003101800000] [id=26924]
  0x0000014d30e8d800 GCTaskThread "GC Thread#1" [stack: 0x0000003102700000,0x0000003102800000] [id=3204]
  0x0000014d166d2800 ConcurrentGCThread "G1 Main Marker" [stack: 0x0000003101800000,0x0000003101900000] [id=3696]
  0x0000014d166d3800 ConcurrentGCThread "G1 Conc#0" [stack: 0x0000003101900000,0x0000003101a00000] [id=11508]
  0x0000014d2f570800 ConcurrentGCThread "G1 Refine#0" [stack: 0x0000003101a00000,0x0000003101b00000] [id=28224]
  0x0000014d16751000 ConcurrentGCThread "G1 Young RemSet Sampling" [stack: 0x0000003101b00000,0x0000003101c00000] [id=17116]

Threads with active compile tasks:
C2 CompilerThread0 144212 1432       4       org.gradle.internal.logging.text.AbstractLineChoppingStyledTextOutput$1::execute (9 bytes)

VM state:not at safepoint (normal execution)

VM Mutex/Monitor currently owned by a thread: None

Heap address: 0x00000000a1e00000, size: 1506 MB, Compressed Oops mode: 32-bit
Narrow klass base: 0x0000000000000000, Narrow klass shift: 3
Compressed class space size: 1073741824 Address: 0x0000000100000000

Heap:
 garbage-first heap   total 98304K, used 29870K [0x00000000a1e00000, 0x0000000100000000)
  region size 1024K, 24 young (24576K), 3 survivors (3072K)
 Metaspace       used 15594K, capacity 15927K, committed 16000K, reserved 1062912K
  class space    used 1785K, capacity 1906K, committed 1920K, reserved 1048576K
Heap Regions: E=young(eden), S=young(survivor), O=old, HS=humongous(starts), HC=humongous(continues), CS=collection set, F=free, A=archive, TAMS=top-at-mark-start (previous, next)
|   0|0x00000000a1e00000, 0x00000000a1e00000, 0x00000000a1f00000|  0%| F|  |TAMS 0x00000000a1e00000, 0x00000000a1e00000| Untracked 
|   1|0x00000000a1f00000, 0x00000000a1f00000, 0x00000000a2000000|  0%| F|  |TAMS 0x00000000a1f00000, 0x00000000a1f00000| Untracked 
|   2|0x00000000a2000000, 0x00000000a2000000, 0x00000000a2100000|  0%| F|  |TAMS 0x00000000a2000000, 0x00000000a2000000| Untracked 
|   3|0x00000000a2100000, 0x00000000a2200000, 0x00000000a2200000|100%|HS|  |TAMS 0x00000000a2100000, 0x00000000a2100000| Complete 
|   4|0x00000000a2200000, 0x00000000a2300000, 0x00000000a2300000|100%|HC|  |TAMS 0x00000000a2200000, 0x00000000a2200000| Complete 
|   5|0x00000000a2300000, 0x00000000a2400000, 0x00000000a2400000|100%|HC|  |TAMS 0x00000000a2300000, 0x00000000a2300000| Complete 
|   6|0x00000000a2400000, 0x00000000a2500000, 0x00000000a2500000|100%| O|  |TAMS 0x00000000a2400000, 0x00000000a2400000| Untracked 
|   7|0x00000000a2500000, 0x00000000a2600000, 0x00000000a2600000|100%| O|  |TAMS 0x00000000a2500000, 0x00000000a2500000| Untracked 
|   8|0x00000000a2600000, 0x00000000a2700000, 0x00000000a2700000|100%| O|  |TAMS 0x00000000a2600000, 0x00000000a2600000| Untracked 
|   9|0x00000000a2700000, 0x00000000a272ba00, 0x00000000a2800000| 17%| O|  |TAMS 0x00000000a2700000, 0x00000000a2700000| Untracked 
|  10|0x00000000a2800000, 0x00000000a2800000, 0x00000000a2900000|  0%| F|  |TAMS 0x00000000a2800000, 0x00000000a2800000| Untracked 
|  11|0x00000000a2900000, 0x00000000a2900000, 0x00000000a2a00000|  0%| F|  |TAMS 0x00000000a2900000, 0x00000000a2900000| Untracked 
|  12|0x00000000a2a00000, 0x00000000a2a00000, 0x00000000a2b00000|  0%| F|  |TAMS 0x00000000a2a00000, 0x00000000a2a00000| Untracked 
|  13|0x00000000a2b00000, 0x00000000a2b00000, 0x00000000a2c00000|  0%| F|  |TAMS 0x00000000a2b00000, 0x00000000a2b00000| Untracked 
|  14|0x00000000a2c00000, 0x00000000a2c00000, 0x00000000a2d00000|  0%| F|  |TAMS 0x00000000a2c00000, 0x00000000a2c00000| Untracked 
|  15|0x00000000a2d00000, 0x00000000a2d00000, 0x00000000a2e00000|  0%| F|  |TAMS 0x00000000a2d00000, 0x00000000a2d00000| Untracked 
|  16|0x00000000a2e00000, 0x00000000a2e00000, 0x00000000a2f00000|  0%| F|  |TAMS 0x00000000a2e00000, 0x00000000a2e00000| Untracked 
|  17|0x00000000a2f00000, 0x00000000a2f00000, 0x00000000a3000000|  0%| F|  |TAMS 0x00000000a2f00000, 0x00000000a2f00000| Untracked 
|  18|0x00000000a3000000, 0x00000000a3000000, 0x00000000a3100000|  0%| F|  |TAMS 0x00000000a3000000, 0x00000000a3000000| Untracked 
|  19|0x00000000a3100000, 0x00000000a3100000, 0x00000000a3200000|  0%| F|  |TAMS 0x00000000a3100000, 0x00000000a3100000| Untracked 
|  20|0x00000000a3200000, 0x00000000a3200000, 0x00000000a3300000|  0%| F|  |TAMS 0x00000000a3200000, 0x00000000a3200000| Untracked 
|  21|0x00000000a3300000, 0x00000000a3300000, 0x00000000a3400000|  0%| F|  |TAMS 0x00000000a3300000, 0x00000000a3300000| Untracked 
|  22|0x00000000a3400000, 0x00000000a3400000, 0x00000000a3500000|  0%| F|  |TAMS 0x00000000a3400000, 0x00000000a3400000| Untracked 
|  23|0x00000000a3500000, 0x00000000a3500000, 0x00000000a3600000|  0%| F|  |TAMS 0x00000000a3500000, 0x00000000a3500000| Untracked 
|  24|0x00000000a3600000, 0x00000000a3600000, 0x00000000a3700000|  0%| F|  |TAMS 0x00000000a3600000, 0x00000000a3600000| Untracked 
|  25|0x00000000a3700000, 0x00000000a3700000, 0x00000000a3800000|  0%| F|  |TAMS 0x00000000a3700000, 0x00000000a3700000| Untracked 
|  26|0x00000000a3800000, 0x00000000a3800000, 0x00000000a3900000|  0%| F|  |TAMS 0x00000000a3800000, 0x00000000a3800000| Untracked 
|  27|0x00000000a3900000, 0x00000000a3900000, 0x00000000a3a00000|  0%| F|  |TAMS 0x00000000a3900000, 0x00000000a3900000| Untracked 
|  28|0x00000000a3a00000, 0x00000000a3a00000, 0x00000000a3b00000|  0%| F|  |TAMS 0x00000000a3a00000, 0x00000000a3a00000| Untracked 
|  29|0x00000000a3b00000, 0x00000000a3b00000, 0x00000000a3c00000|  0%| F|  |TAMS 0x00000000a3b00000, 0x00000000a3b00000| Untracked 
|  30|0x00000000a3c00000, 0x00000000a3c00000, 0x00000000a3d00000|  0%| F|  |TAMS 0x00000000a3c00000, 0x00000000a3c00000| Untracked 
|  31|0x00000000a3d00000, 0x00000000a3d00000, 0x00000000a3e00000|  0%| F|  |TAMS 0x00000000a3d00000, 0x00000000a3d00000| Untracked 
|  32|0x00000000a3e00000, 0x00000000a3e00000, 0x00000000a3f00000|  0%| F|  |TAMS 0x00000000a3e00000, 0x00000000a3e00000| Untracked 
|  33|0x00000000a3f00000, 0x00000000a3f00000, 0x00000000a4000000|  0%| F|  |TAMS 0x00000000a3f00000, 0x00000000a3f00000| Untracked 
|  34|0x00000000a4000000, 0x00000000a4000000, 0x00000000a4100000|  0%| F|  |TAMS 0x00000000a4000000, 0x00000000a4000000| Untracked 
|  35|0x00000000a4100000, 0x00000000a4100000, 0x00000000a4200000|  0%| F|  |TAMS 0x00000000a4100000, 0x00000000a4100000| Untracked 
|  36|0x00000000a4200000, 0x00000000a4200000, 0x00000000a4300000|  0%| F|  |TAMS 0x00000000a4200000, 0x00000000a4200000| Untracked 
|  37|0x00000000a4300000, 0x00000000a4300000, 0x00000000a4400000|  0%| F|  |TAMS 0x00000000a4300000, 0x00000000a4300000| Untracked 
|  38|0x00000000a4400000, 0x00000000a4400000, 0x00000000a4500000|  0%| F|  |TAMS 0x00000000a4400000, 0x00000000a4400000| Untracked 
|  39|0x00000000a4500000, 0x00000000a4500000, 0x00000000a4600000|  0%| F|  |TAMS 0x00000000a4500000, 0x00000000a4500000| Untracked 
|  40|0x00000000a4600000, 0x00000000a4600000, 0x00000000a4700000|  0%| F|  |TAMS 0x00000000a4600000, 0x00000000a4600000| Untracked 
|  41|0x00000000a4700000, 0x00000000a4700000, 0x00000000a4800000|  0%| F|  |TAMS 0x00000000a4700000, 0x00000000a4700000| Untracked 
|  42|0x00000000a4800000, 0x00000000a4800000, 0x00000000a4900000|  0%| F|  |TAMS 0x00000000a4800000, 0x00000000a4800000| Untracked 
|  43|0x00000000a4900000, 0x00000000a4900000, 0x00000000a4a00000|  0%| F|  |TAMS 0x00000000a4900000, 0x00000000a4900000| Untracked 
|  44|0x00000000a4a00000, 0x00000000a4a00000, 0x00000000a4b00000|  0%| F|  |TAMS 0x00000000a4a00000, 0x00000000a4a00000| Untracked 
|  45|0x00000000a4b00000, 0x00000000a4b00000, 0x00000000a4c00000|  0%| F|  |TAMS 0x00000000a4b00000, 0x00000000a4b00000| Untracked 
|  46|0x00000000a4c00000, 0x00000000a4c00000, 0x00000000a4d00000|  0%| F|  |TAMS 0x00000000a4c00000, 0x00000000a4c00000| Untracked 
|  47|0x00000000a4d00000, 0x00000000a4d00000, 0x00000000a4e00000|  0%| F|  |TAMS 0x00000000a4d00000, 0x00000000a4d00000| Untracked 
|  48|0x00000000a4e00000, 0x00000000a4e00000, 0x00000000a4f00000|  0%| F|  |TAMS 0x00000000a4e00000, 0x00000000a4e00000| Untracked 
|  49|0x00000000a4f00000, 0x00000000a4f00000, 0x00000000a5000000|  0%| F|  |TAMS 0x00000000a4f00000, 0x00000000a4f00000| Untracked 
|  50|0x00000000a5000000, 0x00000000a5000000, 0x00000000a5100000|  0%| F|  |TAMS 0x00000000a5000000, 0x00000000a5000000| Untracked 
|  51|0x00000000a5100000, 0x00000000a5100000, 0x00000000a5200000|  0%| F|  |TAMS 0x00000000a5100000, 0x00000000a5100000| Untracked 
|  52|0x00000000a5200000, 0x00000000a5200000, 0x00000000a5300000|  0%| F|  |TAMS 0x00000000a5200000, 0x00000000a5200000| Untracked 
|  53|0x00000000a5300000, 0x00000000a5300000, 0x00000000a5400000|  0%| F|  |TAMS 0x00000000a5300000, 0x00000000a5300000| Untracked 
|  54|0x00000000a5400000, 0x00000000a5400000, 0x00000000a5500000|  0%| F|  |TAMS 0x00000000a5400000, 0x00000000a5400000| Untracked 
|  55|0x00000000a5500000, 0x00000000a5500000, 0x00000000a5600000|  0%| F|  |TAMS 0x00000000a5500000, 0x00000000a5500000| Untracked 
|  56|0x00000000a5600000, 0x00000000a5600000, 0x00000000a5700000|  0%| F|  |TAMS 0x00000000a5600000, 0x00000000a5600000| Untracked 
|  57|0x00000000a5700000, 0x00000000a5700000, 0x00000000a5800000|  0%| F|  |TAMS 0x00000000a5700000, 0x00000000a5700000| Untracked 
|  58|0x00000000a5800000, 0x00000000a5800000, 0x00000000a5900000|  0%| F|  |TAMS 0x00000000a5800000, 0x00000000a5800000| Untracked 
|  59|0x00000000a5900000, 0x00000000a5900000, 0x00000000a5a00000|  0%| F|  |TAMS 0x00000000a5900000, 0x00000000a5900000| Untracked 
|  60|0x00000000a5a00000, 0x00000000a5a00000, 0x00000000a5b00000|  0%| F|  |TAMS 0x00000000a5a00000, 0x00000000a5a00000| Untracked 
|  61|0x00000000a5b00000, 0x00000000a5b00000, 0x00000000a5c00000|  0%| F|  |TAMS 0x00000000a5b00000, 0x00000000a5b00000| Untracked 
|  62|0x00000000a5c00000, 0x00000000a5c00000, 0x00000000a5d00000|  0%| F|  |TAMS 0x00000000a5c00000, 0x00000000a5c00000| Untracked 
|  63|0x00000000a5d00000, 0x00000000a5d00000, 0x00000000a5e00000|  0%| F|  |TAMS 0x00000000a5d00000, 0x00000000a5d00000| Untracked 
|  64|0x00000000a5e00000, 0x00000000a5e00000, 0x00000000a5f00000|  0%| F|  |TAMS 0x00000000a5e00000, 0x00000000a5e00000| Untracked 
|  65|0x00000000a5f00000, 0x00000000a5f00000, 0x00000000a6000000|  0%| F|  |TAMS 0x00000000a5f00000, 0x00000000a5f00000| Untracked 
|  66|0x00000000a6000000, 0x00000000a6000000, 0x00000000a6100000|  0%| F|  |TAMS 0x00000000a6000000, 0x00000000a6000000| Untracked 
|  67|0x00000000a6100000, 0x00000000a6100000, 0x00000000a6200000|  0%| F|  |TAMS 0x00000000a6100000, 0x00000000a6100000| Untracked 
|  68|0x00000000a6200000, 0x00000000a6200000, 0x00000000a6300000|  0%| F|  |TAMS 0x00000000a6200000, 0x00000000a6200000| Untracked 
|  69|0x00000000a6300000, 0x00000000a6400000, 0x00000000a6400000|100%| S|CS|TAMS 0x00000000a6300000, 0x00000000a6300000| Complete 
|  70|0x00000000a6400000, 0x00000000a6500000, 0x00000000a6500000|100%| S|CS|TAMS 0x00000000a6400000, 0x00000000a6400000| Complete 
|  71|0x00000000a6500000, 0x00000000a6600000, 0x00000000a6600000|100%| S|CS|TAMS 0x00000000a6500000, 0x00000000a6500000| Complete 
|  72|0x00000000a6600000, 0x00000000a6600000, 0x00000000a6700000|  0%| F|  |TAMS 0x00000000a6600000, 0x00000000a6600000| Untracked 
|  73|0x00000000a6700000, 0x00000000a6700000, 0x00000000a6800000|  0%| F|  |TAMS 0x00000000a6700000, 0x00000000a6700000| Untracked 
|  74|0x00000000a6800000, 0x00000000a6800000, 0x00000000a6900000|  0%| F|  |TAMS 0x00000000a6800000, 0x00000000a6800000| Untracked 
|  75|0x00000000a6900000, 0x00000000a6980800, 0x00000000a6a00000| 50%| E|  |TAMS 0x00000000a6900000, 0x00000000a6900000| Complete 
|  76|0x00000000a6a00000, 0x00000000a6b00000, 0x00000000a6b00000|100%| E|CS|TAMS 0x00000000a6a00000, 0x00000000a6a00000| Complete 
|  77|0x00000000a6b00000, 0x00000000a6c00000, 0x00000000a6c00000|100%| E|CS|TAMS 0x00000000a6b00000, 0x00000000a6b00000| Complete 
|  78|0x00000000a6c00000, 0x00000000a6d00000, 0x00000000a6d00000|100%| E|CS|TAMS 0x00000000a6c00000, 0x00000000a6c00000| Complete 
|  79|0x00000000a6d00000, 0x00000000a6e00000, 0x00000000a6e00000|100%| E|CS|TAMS 0x00000000a6d00000, 0x00000000a6d00000| Complete 
|  80|0x00000000a6e00000, 0x00000000a6f00000, 0x00000000a6f00000|100%| E|CS|TAMS 0x00000000a6e00000, 0x00000000a6e00000| Complete 
|  81|0x00000000a6f00000, 0x00000000a7000000, 0x00000000a7000000|100%| E|CS|TAMS 0x00000000a6f00000, 0x00000000a6f00000| Complete 
|  82|0x00000000a7000000, 0x00000000a7100000, 0x00000000a7100000|100%| E|CS|TAMS 0x00000000a7000000, 0x00000000a7000000| Complete 
|  83|0x00000000a7100000, 0x00000000a7200000, 0x00000000a7200000|100%| E|CS|TAMS 0x00000000a7100000, 0x00000000a7100000| Complete 
|  84|0x00000000a7200000, 0x00000000a7300000, 0x00000000a7300000|100%| E|CS|TAMS 0x00000000a7200000, 0x00000000a7200000| Complete 
|  85|0x00000000a7300000, 0x00000000a7400000, 0x00000000a7400000|100%| E|CS|TAMS 0x00000000a7300000, 0x00000000a7300000| Complete 
|  86|0x00000000a7400000, 0x00000000a7500000, 0x00000000a7500000|100%| E|CS|TAMS 0x00000000a7400000, 0x00000000a7400000| Complete 
|  87|0x00000000a7500000, 0x00000000a7600000, 0x00000000a7600000|100%| E|CS|TAMS 0x00000000a7500000, 0x00000000a7500000| Complete 
|  88|0x00000000a7600000, 0x00000000a7700000, 0x00000000a7700000|100%| E|CS|TAMS 0x00000000a7600000, 0x00000000a7600000| Complete 
|  89|0x00000000a7700000, 0x00000000a7800000, 0x00000000a7800000|100%| E|CS|TAMS 0x00000000a7700000, 0x00000000a7700000| Complete 
|  90|0x00000000a7800000, 0x00000000a7900000, 0x00000000a7900000|100%| E|CS|TAMS 0x00000000a7800000, 0x00000000a7800000| Complete 
|  91|0x00000000a7900000, 0x00000000a7a00000, 0x00000000a7a00000|100%| E|CS|TAMS 0x00000000a7900000, 0x00000000a7900000| Complete 
|  92|0x00000000a7a00000, 0x00000000a7b00000, 0x00000000a7b00000|100%| E|CS|TAMS 0x00000000a7a00000, 0x00000000a7a00000| Complete 
|  93|0x00000000a7b00000, 0x00000000a7c00000, 0x00000000a7c00000|100%| E|CS|TAMS 0x00000000a7b00000, 0x00000000a7b00000| Complete 
|  94|0x00000000a7c00000, 0x00000000a7d00000, 0x00000000a7d00000|100%| E|CS|TAMS 0x00000000a7c00000, 0x00000000a7c00000| Complete 
|  95|0x00000000a7d00000, 0x00000000a7e00000, 0x00000000a7e00000|100%| E|CS|TAMS 0x00000000a7d00000, 0x00000000a7d00000| Complete 

Card table byte_map: [0x0000014d297c0000,0x0000014d29ac0000] _byte_map_base: 0x0000014d292b1000

Marking Bits (Prev, Next): (CMBitMap*) 0x0000014d166cba38, (CMBitMap*) 0x0000014d166cba70
 Prev Bits: [0x0000014d29dc0000, 0x0000014d2b548000)
 Next Bits: [0x0000014d2b550000, 0x0000014d2ccd8000)

Polling page: 0x0000014d15e60000

Metaspace:

Usage:
  Non-class:     13.69 MB capacity,    13.49 MB ( 99%) used,   183.73 KB (  1%) free+waste,    22.06 KB ( <1%) overhead. 
      Class:      1.86 MB capacity,     1.74 MB ( 94%) used,   109.75 KB (  6%) free+waste,    10.75 KB ( <1%) overhead. 
       Both:     15.55 MB capacity,    15.24 MB ( 98%) used,   293.48 KB (  2%) free+waste,    32.81 KB ( <1%) overhead. 

Virtual space:
  Non-class space:       14.00 MB reserved,      13.75 MB ( 98%) committed 
      Class space:        1.00 GB reserved,       1.88 MB ( <1%) committed 
             Both:        1.01 GB reserved,      15.63 MB (  2%) committed 

Chunk freelists:
   Non-Class:  59.00 KB
       Class:  14.00 KB
        Both:  73.00 KB

MaxMetaspaceSize: 17179869184.00 GB
CompressedClassSpaceSize: 1.00 GB
Initial GC threshold: 20.80 MB
Current GC threshold: 20.80 MB
CDS: off

CodeHeap 'non-profiled nmethods': size=120000Kb used=477Kb max_used=477Kb free=119522Kb
 bounds [0x0000014d21c60000, 0x0000014d21ed0000, 0x0000014d29190000]
CodeHeap 'profiled nmethods': size=120000Kb used=2809Kb max_used=2809Kb free=117190Kb
 bounds [0x0000014d1a730000, 0x0000014d1a9f0000, 0x0000014d21c60000]
CodeHeap 'non-nmethods': size=5760Kb used=1165Kb max_used=1176Kb free=4595Kb
 bounds [0x0000014d1a190000, 0x0000014d1a400000, 0x0000014d1a730000]
 total_blobs=1885 nmethods=1464 adapters=334
 compilation: enabled
              stopped_count=0, restarted_count=0
 full_count=0

Compilation events (20 events):
Event: 144.152 Thread 0x0000014d2f74a000 nmethod 1435 0x0000014d21cd6190 code [0x0000014d21cd6340, 0x0000014d21cd63d8]
Event: 144.152 Thread 0x0000014d2f74a000 1436       1       org.gradle.internal.logging.events.StyledTextOutputEvent$Span::access$100 (5 bytes)
Event: 144.152 Thread 0x0000014d2f74a000 nmethod 1436 0x0000014d21cd6490 code [0x0000014d21cd6640, 0x0000014d21cd66d8]
Event: 144.152 Thread 0x0000014d2f74a000 1437       1       org.gradle.internal.logging.text.AbstractLineChoppingStyledTextOutput::access$100 (5 bytes)
Event: 144.152 Thread 0x0000014d2f74a000 nmethod 1437 0x0000014d21cd6790 code [0x0000014d21cd6940, 0x0000014d21cd69d8]
Event: 144.152 Thread 0x0000014d2f74a000 1438       1       org.gradle.internal.logging.text.AbstractLineChoppingStyledTextOutput::access$200 (5 bytes)
Event: 144.152 Thread 0x0000014d2f74a000 nmethod 1438 0x0000014d21cd6a90 code [0x0000014d21cd6c40, 0x0000014d21cd6cd8]
Event: 144.152 Thread 0x0000014d2f74a000 1439       1       org.gradle.internal.logging.text.AbstractLineChoppingStyledTextOutput::access$300 (5 bytes)
Event: 144.153 Thread 0x0000014d2f74a000 nmethod 1439 0x0000014d21cd6d90 code [0x0000014d21cd6f40, 0x0000014d21cd6fd8]
Event: 144.153 Thread 0x0000014d2f74a000 1440       3       org.gradle.internal.logging.text.StreamingStyledTextOutput::doAppend (11 bytes)
Event: 144.153 Thread 0x0000014d2f74a000 nmethod 1440 0x0000014d1a9df790 code [0x0000014d1a9df940, 0x0000014d1a9dfb08]
Event: 144.153 Thread 0x0000014d2f74a000 1443   !   3       java.nio.CharBuffer::wrap (20 bytes)
Event: 144.154 Thread 0x0000014d2f74a000 nmethod 1443 0x0000014d1a9dfc10 code [0x0000014d1a9dfe00, 0x0000014d1a9e01d8]
Event: 144.154 Thread 0x0000014d2f74a000 1444       3       java.lang.Exception::<init> (6 bytes)
Event: 144.154 Thread 0x0000014d2f74a000 nmethod 1444 0x0000014d1a9e0410 code [0x0000014d1a9e0600, 0x0000014d1a9e0d08]
Event: 144.154 Thread 0x0000014d2f74a000 1445       3       java.io.FileOutputStream::write (20 bytes)
Event: 144.154 Thread 0x0000014d2f74a000 nmethod 1445 0x0000014d1a9e0e90 code [0x0000014d1a9e1060, 0x0000014d1a9e1208]
Event: 144.155 Thread 0x0000014d2f74a000 1446       3       java.io.FileDescriptor$1::getAppend (5 bytes)
Event: 144.155 Thread 0x0000014d2f74a000 nmethod 1446 0x0000014d1a9e1310 code [0x0000014d1a9e14c0, 0x0000014d1a9e15d8]
Event: 144.155 Thread 0x0000014d2f74a000 1441   !   3       org.gradle.internal.logging.text.StreamBackedStandardOutputListener::onOutput (34 bytes)

GC Heap History (2 events):
Event: 1.414 GC heap before
{Heap before GC invocations=0 (full 0):
 garbage-first heap   total 98304K, used 29696K [0x00000000a1e00000, 0x0000000100000000)
  region size 1024K, 24 young (24576K), 0 survivors (0K)
 Metaspace       used 10681K, capacity 10951K, committed 11264K, reserved 1058816K
  class space    used 1109K, capacity 1200K, committed 1280K, reserved 1048576K
}
Event: 1.422 GC heap after
{Heap after GC invocations=1 (full 0):
 garbage-first heap   total 98304K, used 9390K [0x00000000a1e00000, 0x0000000100000000)
  region size 1024K, 3 young (3072K), 3 survivors (3072K)
 Metaspace       used 10681K, capacity 10951K, committed 11264K, reserved 1058816K
  class space    used 1109K, capacity 1200K, committed 1280K, reserved 1048576K
}

Deoptimization events (20 events):
Event: 1.360 Thread 0x0000014d16694000 DEOPT PACKING pc=0x0000014d21ca4054 sp=0x00000031016fd140
Event: 1.360 Thread 0x0000014d16694000 DEOPT UNPACKING pc=0x0000014d1a1da1af sp=0x00000031016fd078 mode 2
Event: 1.853 Thread 0x0000014d16694000 DEOPT PACKING pc=0x0000014d1a821d30 sp=0x00000031016f8a30
Event: 1.853 Thread 0x0000014d16694000 DEOPT UNPACKING pc=0x0000014d1a1da95e sp=0x00000031016f7f48 mode 0
Event: 1.855 Thread 0x0000014d16694000 DEOPT PACKING pc=0x0000014d1a7c82ff sp=0x00000031016f86b0
Event: 1.855 Thread 0x0000014d16694000 DEOPT UNPACKING pc=0x0000014d1a1da95e sp=0x00000031016f7b00 mode 0
Event: 1.864 Thread 0x0000014d16694000 Uncommon trap: trap_request=0xffffff4d fr.pc=0x0000014d21cb8be0 relative=0x00000000000001a0
Event: 1.864 Thread 0x0000014d16694000 Uncommon trap: reason=unstable_if action=reinterpret pc=0x0000014d21cb8be0 method=java.util.HashMap.getNode(ILjava/lang/Object;)Ljava/util/HashMap$Node; @ 129 c2
Event: 1.864 Thread 0x0000014d16694000 DEOPT PACKING pc=0x0000014d21cb8be0 sp=0x00000031016fa880
Event: 1.864 Thread 0x0000014d16694000 DEOPT UNPACKING pc=0x0000014d1a1da1af sp=0x00000031016fa780 mode 2
Event: 2.637 Thread 0x0000014d16694000 Uncommon trap: trap_request=0xffffff4d fr.pc=0x0000014d21c94a84 relative=0x00000000000005c4
Event: 2.637 Thread 0x0000014d16694000 Uncommon trap: reason=unstable_if action=reinterpret pc=0x0000014d21c94a84 method=java.lang.AbstractStringBuilder.append(Ljava/lang/String;)Ljava/lang/AbstractStringBuilder; @ 1 c2
Event: 2.637 Thread 0x0000014d16694000 DEOPT PACKING pc=0x0000014d21c94a84 sp=0x00000031016fc6e0
Event: 2.637 Thread 0x0000014d16694000 DEOPT UNPACKING pc=0x0000014d1a1da1af sp=0x00000031016fc660 mode 2
Event: 2.637 Thread 0x0000014d16694000 Uncommon trap: trap_request=0xffffff4d fr.pc=0x0000014d21c955dc relative=0x000000000000059c
Event: 2.637 Thread 0x0000014d16694000 Uncommon trap: reason=unstable_if action=reinterpret pc=0x0000014d21c955dc method=java.lang.AbstractStringBuilder.append(Ljava/lang/String;)Ljava/lang/AbstractStringBuilder; @ 1 c2
Event: 2.637 Thread 0x0000014d16694000 DEOPT PACKING pc=0x0000014d21c955dc sp=0x00000031016fc680
Event: 2.637 Thread 0x0000014d16694000 DEOPT UNPACKING pc=0x0000014d1a1da1af sp=0x00000031016fc668 mode 2
Event: 2.653 Thread 0x0000014d16694000 DEOPT PACKING pc=0x0000014d1a821d30 sp=0x00000031016f91b0
Event: 2.653 Thread 0x0000014d16694000 DEOPT UNPACKING pc=0x0000014d1a1da95e sp=0x00000031016f86c8 mode 0

Classes redefined (0 events):
No events

Internal exceptions (20 events):
Event: 144.152 Thread 0x0000014d310f1000 Exception <a 'java/io/IOException'{0x00000000a6a73090}> (0x00000000a6a73090) thrown at [./src/hotspot/share/prims/jni.cpp, line 615]
Event: 144.152 Thread 0x0000014d310f1000 Exception <a 'java/io/IOException'{0x00000000a6a737d0}> (0x00000000a6a737d0) thrown at [./src/hotspot/share/prims/jni.cpp, line 615]
Event: 144.152 Thread 0x0000014d310f1000 Exception <a 'java/io/IOException'{0x00000000a6a73d88}> (0x00000000a6a73d88) thrown at [./src/hotspot/share/prims/jni.cpp, line 615]
Event: 144.152 Thread 0x0000014d310f1000 Exception <a 'java/io/IOException'{0x00000000a6a74388}> (0x00000000a6a74388) thrown at [./src/hotspot/share/prims/jni.cpp, line 615]
Event: 144.152 Thread 0x0000014d310f1000 Exception <a 'java/io/IOException'{0x00000000a6a74940}> (0x00000000a6a74940) thrown at [./src/hotspot/share/prims/jni.cpp, line 615]
Event: 144.153 Thread 0x0000014d310f1000 Exception <a 'java/io/IOException'{0x00000000a6a75038}> (0x00000000a6a75038) thrown at [./src/hotspot/share/prims/jni.cpp, line 615]
Event: 144.153 Thread 0x0000014d310f1000 Exception <a 'java/io/IOException'{0x00000000a6a755f0}> (0x00000000a6a755f0) thrown at [./src/hotspot/share/prims/jni.cpp, line 615]
Event: 144.153 Thread 0x0000014d310f1000 Exception <a 'java/io/IOException'{0x00000000a6a75bf0}> (0x00000000a6a75bf0) thrown at [./src/hotspot/share/prims/jni.cpp, line 615]
Event: 144.153 Thread 0x0000014d310f1000 Exception <a 'java/io/IOException'{0x00000000a6a761a8}> (0x00000000a6a761a8) thrown at [./src/hotspot/share/prims/jni.cpp, line 615]
Event: 144.153 Thread 0x0000014d310f1000 Exception <a 'java/io/IOException'{0x00000000a6a768b8}> (0x00000000a6a768b8) thrown at [./src/hotspot/share/prims/jni.cpp, line 615]
Event: 144.155 Thread 0x0000014d310f1000 Exception <a 'java/io/IOException'{0x00000000a6a76e70}> (0x00000000a6a76e70) thrown at [./src/hotspot/share/prims/jni.cpp, line 615]
Event: 144.155 Thread 0x0000014d310f1000 Exception <a 'java/io/IOException'{0x00000000a6a77470}> (0x00000000a6a77470) thrown at [./src/hotspot/share/prims/jni.cpp, line 615]
Event: 144.155 Thread 0x0000014d310f1000 Exception <a 'java/io/IOException'{0x00000000a6a77a28}> (0x00000000a6a77a28) thrown at [./src/hotspot/share/prims/jni.cpp, line 615]
Event: 144.155 Thread 0x0000014d310f1000 Exception <a 'java/io/IOException'{0x00000000a6a78120}> (0x00000000a6a78120) thrown at [./src/hotspot/share/prims/jni.cpp, line 615]
Event: 144.155 Thread 0x0000014d310f1000 Exception <a 'java/io/IOException'{0x00000000a6a786d8}> (0x00000000a6a786d8) thrown at [./src/hotspot/share/prims/jni.cpp, line 615]
Event: 144.155 Thread 0x0000014d310f1000 Exception <a 'java/io/IOException'{0x00000000a6a78cd8}> (0x00000000a6a78cd8) thrown at [./src/hotspot/share/prims/jni.cpp, line 615]
Event: 144.155 Thread 0x0000014d310f1000 Exception <a 'java/io/IOException'{0x00000000a6a79290}> (0x00000000a6a79290) thrown at [./src/hotspot/share/prims/jni.cpp, line 615]
Event: 144.155 Thread 0x0000014d310f1000 Exception <a 'java/io/IOException'{0x00000000a6a799b8}> (0x00000000a6a799b8) thrown at [./src/hotspot/share/prims/jni.cpp, line 615]
Event: 144.155 Thread 0x0000014d310f1000 Exception <a 'java/io/IOException'{0x00000000a6a79f70}> (0x00000000a6a79f70) thrown at [./src/hotspot/share/prims/jni.cpp, line 615]
Event: 144.155 Thread 0x0000014d310f1000 Exception <a 'java/io/IOException'{0x00000000a6a7a570}> (0x00000000a6a7a570) thrown at [./src/hotspot/share/prims/jni.cpp, line 615]

Events (20 events):
Event: 5.254 loading class jdk/internal/reflect/ClassDefiner
Event: 5.254 loading class jdk/internal/reflect/ClassDefiner done
Event: 5.254 loading class jdk/internal/reflect/ClassDefiner$1
Event: 5.254 loading class jdk/internal/reflect/ClassDefiner$1 done
Event: 78.584 Executing VM operation: RevokeBias
Event: 78.585 Executing VM operation: RevokeBias done
Event: 78.585 Thread 0x0000014d30fcd800 Thread exited: 0x0000014d30fcd800
Event: 131.650 loading class com/google/common/collect/CollectPreconditions
Event: 131.650 loading class com/google/common/collect/CollectPreconditions done
Event: 131.680 loading class org/gradle/internal/logging/events/StyledTextOutputEvent$Span
Event: 131.680 loading class org/gradle/internal/logging/events/StyledTextOutputEvent$Span done
Event: 131.685 loading class org/gradle/internal/logging/events/operations/StyledTextBuildOperationProgressDetails$Span
Event: 131.685 loading class org/gradle/internal/logging/events/operations/StyledTextBuildOperationProgressDetails$Span done
Event: 131.686 loading class org/gradle/internal/operations/logging/StyledTextBuildOperationProgressDetails$Span
Event: 131.686 loading class org/gradle/internal/operations/logging/StyledTextBuildOperationProgressDetails$Span done
Event: 131.714 loading class org/gradle/internal/logging/text/AbstractLineChoppingStyledTextOutput$StateContext
Event: 131.714 loading class org/gradle/internal/logging/text/AbstractLineChoppingStyledTextOutput$StateContext done
Event: 138.616 Executing VM operation: RevokeBias
Event: 138.616 Executing VM operation: RevokeBias done
Event: 138.617 Thread 0x0000014d310e1000 Thread exited: 0x0000014d310e1000


Dynamic libraries:
0x00007ff7d4030000 - 0x00007ff7d403a000 	C:\Program Files\Android\Android Studio\jre\bin\java.exe
0x00007ff9335f0000 - 0x00007ff933806000 	C:\WINDOWS\SYSTEM32\ntdll.dll
0x00007ff932850000 - 0x00007ff932914000 	C:\WINDOWS\System32\KERNEL32.DLL
0x00007ff930f70000 - 0x00007ff931317000 	C:\WINDOWS\System32\KERNELBASE.dll
0x00007ff930ae0000 - 0x00007ff930bf1000 	C:\WINDOWS\System32\ucrtbase.dll
0x00007ff910e90000 - 0x00007ff910ea7000 	C:\Program Files\Android\Android Studio\jre\bin\VCRUNTIME140.dll
0x00007ff90fdb0000 - 0x00007ff90fdc9000 	C:\Program Files\Android\Android Studio\jre\bin\jli.dll
0x00007ff932380000 - 0x00007ff93252e000 	C:\WINDOWS\System32\USER32.dll
0x00007ff930940000 - 0x00007ff930966000 	C:\WINDOWS\System32\win32u.dll
0x00007ff9183d0000 - 0x00007ff918663000 	C:\WINDOWS\WinSxS\amd64_microsoft.windows.common-controls_6595b64144ccf1df_6.0.22621.3235_none_270f74e173860f98\COMCTL32.dll
0x00007ff932700000 - 0x00007ff932729000 	C:\WINDOWS\System32\GDI32.dll
0x00007ff930de0000 - 0x00007ff930ef9000 	C:\WINDOWS\System32\gdi32full.dll
0x00007ff933440000 - 0x00007ff9334e7000 	C:\WINDOWS\System32\msvcrt.dll
0x00007ff930d40000 - 0x00007ff930dda000 	C:\WINDOWS\System32\msvcp_win.dll
0x00007ff9329d0000 - 0x00007ff932a01000 	C:\WINDOWS\System32\IMM32.DLL
0x00007ff8f0730000 - 0x00007ff8f07cd000 	C:\Program Files\Android\Android Studio\jre\bin\msvcp140.dll
0x00007ff899010000 - 0x00007ff899af5000 	C:\Program Files\Android\Android Studio\jre\bin\server\jvm.dll
0x00007ff9334f0000 - 0x00007ff9335a2000 	C:\WINDOWS\System32\ADVAPI32.dll
0x00007ff932920000 - 0x00007ff9329c8000 	C:\WINDOWS\System32\sechost.dll
0x00007ff930910000 - 0x00007ff930938000 	C:\WINDOWS\System32\bcrypt.dll
0x00007ff932ac0000 - 0x00007ff932bd5000 	C:\WINDOWS\System32\RPCRT4.dll
0x00007ff931d90000 - 0x00007ff931d98000 	C:\WINDOWS\System32\PSAPI.DLL
0x00007ff92ab50000 - 0x00007ff92ab59000 	C:\WINDOWS\SYSTEM32\WSOCK32.dll
0x00007ff928690000 - 0x00007ff9286c4000 	C:\WINDOWS\SYSTEM32\WINMM.dll
0x00007ff932730000 - 0x00007ff9327a1000 	C:\WINDOWS\System32\WS2_32.dll
0x00007ff927580000 - 0x00007ff92758a000 	C:\WINDOWS\SYSTEM32\VERSION.dll
0x00007ff92f950000 - 0x00007ff92f968000 	C:\WINDOWS\SYSTEM32\kernel.appcore.dll
0x00007ff9272a0000 - 0x00007ff9272b1000 	C:\Program Files\Android\Android Studio\jre\bin\verify.dll
0x00007ff92e370000 - 0x00007ff92e5a3000 	C:\WINDOWS\SYSTEM32\DBGHELP.DLL
0x00007ff931da0000 - 0x00007ff932128000 	C:\WINDOWS\System32\combase.dll
0x00007ff931340000 - 0x00007ff931417000 	C:\WINDOWS\System32\OLEAUT32.dll
0x00007ff9076c0000 - 0x00007ff9076f2000 	C:\WINDOWS\SYSTEM32\dbgcore.DLL
0x00007ff930cc0000 - 0x00007ff930d39000 	C:\WINDOWS\System32\bcryptPrimitives.dll
0x00007ff923f90000 - 0x00007ff923fb9000 	C:\Program Files\Android\Android Studio\jre\bin\java.dll
0x00007ff927a90000 - 0x00007ff927a9b000 	C:\Program Files\Android\Android Studio\jre\bin\jimage.dll
0x00007ff914aa0000 - 0x00007ff914ab8000 	C:\Program Files\Android\Android Studio\jre\bin\zip.dll
0x00007ff931530000 - 0x00007ff931d8c000 	C:\WINDOWS\System32\SHELL32.dll
0x00007ff92e870000 - 0x00007ff92f169000 	C:\WINDOWS\SYSTEM32\windows.storage.dll
0x00007ff92e730000 - 0x00007ff92e86e000 	C:\WINDOWS\SYSTEM32\wintypes.dll
0x00007ff932180000 - 0x00007ff932273000 	C:\WINDOWS\System32\SHCORE.dll
0x00007ff9326a0000 - 0x00007ff9326fe000 	C:\WINDOWS\System32\shlwapi.dll
0x00007ff930840000 - 0x00007ff930861000 	C:\WINDOWS\SYSTEM32\profapi.dll
0x00007ff914860000 - 0x00007ff91487a000 	C:\Program Files\Android\Android Studio\jre\bin\net.dll
0x00007ff929bc0000 - 0x00007ff929cf6000 	C:\WINDOWS\SYSTEM32\WINHTTP.dll
0x00007ff92fdc0000 - 0x00007ff92fe29000 	C:\WINDOWS\system32\mswsock.dll
0x00007ff9146a0000 - 0x00007ff9146b4000 	C:\Program Files\Android\Android Studio\jre\bin\nio.dll
0x00007ff912630000 - 0x00007ff912657000 	C:\Users\hp\.gradle\native\e1d6ef7f7dcc3fd88c89a11ec53ec762bb8ba0a96d01ffa2cd45eb1d1d8dd5c5\windows-amd64\native-platform.dll
0x00007ff927a10000 - 0x00007ff927a1a000 	C:\Program Files\Android\Android Studio\jre\bin\management.dll
0x00007ff923eb0000 - 0x00007ff923ebd000 	C:\Program Files\Android\Android Studio\jre\bin\management_ext.dll
0x00007ff930030000 - 0x00007ff93004b000 	C:\WINDOWS\SYSTEM32\CRYPTSP.dll
0x00007ff92f8b0000 - 0x00007ff92f8e5000 	C:\WINDOWS\system32\rsaenh.dll
0x00007ff92fec0000 - 0x00007ff92fee8000 	C:\WINDOWS\SYSTEM32\USERENV.dll
0x00007ff930020000 - 0x00007ff93002c000 	C:\WINDOWS\SYSTEM32\CRYPTBASE.dll
0x00007ff92f3d0000 - 0x00007ff92f3fd000 	C:\WINDOWS\SYSTEM32\IPHLPAPI.DLL
0x00007ff932690000 - 0x00007ff932699000 	C:\WINDOWS\System32\NSI.dll
0x00007ff9294a0000 - 0x00007ff9294b9000 	C:\WINDOWS\SYSTEM32\dhcpcsvc6.DLL
0x00007ff9292a0000 - 0x00007ff9292bf000 	C:\WINDOWS\SYSTEM32\dhcpcsvc.DLL
0x00007ff92f440000 - 0x00007ff92f539000 	C:\WINDOWS\SYSTEM32\DNSAPI.dll

dbghelp: loaded successfully - version: 4.0.5 - missing functions: none
symbol engine: initialized successfully - sym options: 0x614 - pdb path: .;C:\Program Files\Android\Android Studio\jre\bin;C:\WINDOWS\SYSTEM32;C:\WINDOWS\WinSxS\amd64_microsoft.windows.common-controls_6595b64144ccf1df_6.0.22621.3235_none_270f74e173860f98;C:\Program Files\Android\Android Studio\jre\bin\server;C:\Users\hp\.gradle\native\e1d6ef7f7dcc3fd88c89a11ec53ec762bb8ba0a96d01ffa2cd45eb1d1d8dd5c5\windows-amd64

VM Arguments:
jvm_args: -Dorg.gradle.appname=gradlew 
java_command: org.gradle.wrapper.GradleWrapperMain -q -Ptarget-platform=android-arm,android-arm64,android-x64 -Ptarget=lib\main.dart -Pbase-application-name=android.app.Application -Pdart-obfuscation=false -Ptrack-widget-creation=true -Ptree-shake-icons=true assembleRelease
java_class_path (initial): E:\live projects\customer-app\android\\gradle\wrapper\gradle-wrapper.jar
Launcher Type: SUN_STANDARD

[Global flags]
     intx CICompilerCount                          = 4                                         {product} {ergonomic}
     uint ConcGCThreads                            = 2                                         {product} {ergonomic}
     uint G1ConcRefinementThreads                  = 8                                         {product} {ergonomic}
   size_t G1HeapRegionSize                         = 1048576                                   {product} {ergonomic}
    uintx GCDrainStackTargetSize                   = 64                                        {product} {ergonomic}
   size_t InitialHeapSize                          = 100663296                                 {product} {ergonomic}
   size_t MarkStackSize                            = 4194304                                   {product} {ergonomic}
   size_t MaxHeapSize                              = 1579155456                                {product} {ergonomic}
   size_t MaxNewSize                               = 946864128                                 {product} {ergonomic}
   size_t MinHeapDeltaBytes                        = 1048576                                   {product} {ergonomic}
    uintx NonNMethodCodeHeapSize                   = 5836300                                {pd product} {ergonomic}
    uintx NonProfiledCodeHeapSize                  = 122910970                              {pd product} {ergonomic}
    uintx ProfiledCodeHeapSize                     = 122910970                              {pd product} {ergonomic}
    uintx ReservedCodeCacheSize                    = 251658240                              {pd product} {ergonomic}
     bool SegmentedCodeCache                       = true                                      {product} {ergonomic}
     bool UseCompressedClassPointers               = true                                 {lp64_product} {ergonomic}
     bool UseCompressedOops                        = true                                 {lp64_product} {ergonomic}
     bool UseG1GC                                  = true                                      {product} {ergonomic}
     bool UseLargePagesIndividualAllocation        = false                                  {pd product} {ergonomic}

Logging:
Log output configuration:
 #0: stdout all=warning uptime,level,tags
 #1: stderr all=off uptime,level,tags

Environment Variables:
JAVA_HOME=C:\Program Files\Android\Android Studio\jre
CLASSPATH=E:\live projects\customer-app\android\\gradle\wrapper\gradle-wrapper.jar
PATH=C:\Program Files\Android\Android Studio\jre\bin;C:\Program Files\Java\jdk-19\bin;C:\Program Files\Common Files\Oracle\Java\javapath;C:\Program Files (x86)\Common Files\Oracle\Java\javapath;C:\windows\system32;C:\windows;C:\windows\System32\Wbem;C:\windows\System32\WindowsPowerShell\v1.0\;C:\windows\System32\OpenSSH\;C:\Program Files (x86)\NVIDIA Corporation\PhysX\Common;C:\Program Files\NVIDIA Corporation\NVIDIA NvDLISR;C:\WINDOWS\system32;C:\WINDOWS;C:\WINDOWS\System32\Wbem;C:\WINDOWS\System32\WindowsPowerShell\v1.0\;C:\WINDOWS\System32\OpenSSH\;C:\xampp\php;C:\Program Files\Git\cmd;C:\Users\hp\AppData\Local\Android\Sdk\platform-tools\adb.exe;C:\Users\hp\platform-tools;C:\Program Files\Java\jre1.8.0_92\bin;C:\Program Files\nodejs\;C:\composer;C:\Program Files\MySQL\MySQL Shell 8.0\bin\;C:\Users\hp\AppData\Local\Microsoft\WindowsApps;C:\Users\hp\AppData\Local\Programs\Python\Python39\Scripts;C:\Users\hp\AppData\Local\Programs\Microsoft VS Code\bin;C:\Users\hp\AppData\Local\GitHubDesktop\bin;E:\flutter\bin;C:\Users\hp\AppData\Local\Android\Sdk\platform-tools;C:\Users\hp\AppData\Roaming\npm;C:\Program Files\nodejs;C:\Users\hp\composer;C:\Users\hp\AppData\Roaming\Composer\vendor\bin;E:\flutter\bin\mingit\cmd
USERNAME=hp
OS=Windows_NT
PROCESSOR_IDENTIFIER=AMD64 Family 23 Model 24 Stepping 1, AuthenticAMD



---------------  S Y S T E M  ---------------

OS: Windows 10 , 64 bit Build 22621 (10.0.22621.3374)
OS uptime: 15 days 2:26 hours

CPU:total 8 (initial active 8) (8 cores per cpu, 2 threads per core) family 23 model 24 stepping 1 microcode 0x0, cmov, cx8, fxsr, mmx, sse, sse2, sse3, ssse3, sse4.1, sse4.2, popcnt, avx, avx2, aes, clmul, mmxext, 3dnowpref, lzcnt, sse4a, ht, tsc, tscinvbit, tscinv, bmi1, bmi2, adx, sha, fma

Memory: 4k page, system-wide physical 6021M (624M free)
TotalPageFile size 24453M (AvailPageFile size 346M)
current process WorkingSet (physical memory assigned to process): 31M, peak: 102M
current process commit charge ("private bytes"): 193M, peak: 200M

vm_info: OpenJDK 64-Bit Server VM (11.0.12+7-b1504.28-7817840) for windows-amd64 JRE (11.0.12+7-b1504.28-7817840), built on Oct 13 2021 22:12:33 by "builder" with MS VC++ 14.0 (VS2015)

END.
